2025-04-11 17:57:24,778 - INFO - Начало нового цикла сбора данных
2025-04-11 17:57:28,006 - INFO - С Cian получено 0 объявлений
2025-04-11 17:57:31,043 - INFO - С Яндекс.Недвижимости получено 0 объявлений
2025-04-11 17:57:33,678 - INFO - С Авито получено 50 объявлений
2025-04-11 17:57:33,678 - INFO - Найдено 50 новых объявлений
2025-04-11 17:57:33,679 - INFO - Ожидание следующего цикла...
2025-04-11 18:21:49,767 - INFO - Начало нового цикла сбора данных
2025-04-11 18:21:52,407 - INFO - С Cian получено 0 объявлений
2025-04-11 18:21:54,216 - INFO - С Яндекс.Недвижимости получено 0 объявлений
2025-04-11 18:21:56,978 - INFO - С Авито получено 49 объявлений
2025-04-11 18:21:56,979 - INFO - Найдено 33 новых объявлений
2025-04-11 18:21:56,981 - INFO - Ожидание следующего цикла...
2025-04-11 18:22:06,982 - INFO - Начало нового цикла сбора данных
2025-04-11 18:22:09,065 - INFO - С Cian получено 0 объявлений
2025-04-11 18:22:10,681 - INFO - С Яндекс.Недвижимости получено 0 объявлений
2025-04-11 18:22:12,835 - INFO - С Авито получено 50 объявлений
2025-04-11 18:22:12,837 - INFO - Найдено 6 новых объявлений
2025-04-11 18:22:12,837 - INFO - Ожидание следующего цикла...
2025-04-11 18:22:22,839 - INFO - Начало нового цикла сбора данных
2025-04-11 18:22:25,619 - INFO - С Cian получено 0 объявлений
2025-04-11 18:22:27,718 - INFO - С Яндекс.Недвижимости получено 0 объявлений
2025-04-11 18:22:29,729 - INFO - С Авито получено 50 объявлений
2025-04-11 18:22:29,730 - INFO - Найдено 2 новых объявлений
2025-04-11 18:22:29,732 - INFO - Ожидание следующего цикла...
